# JRE version: Java(TM) SE Runtime Environment (8.0_111-b14) (build 1.8.0_111-b14)
# Java VM: Java HotSpot(TM) Server VM (25.111-b14 mixed mode linux-x86 )
Heap:
 PSYoungGen      total 309760K, used 64811K [0x91ac0000, 0xa7000000, 0xa7000000)
  eden space 273664K, 11% used [0x91ac0000,0x9387e4f0,0xa2600000)
  from space 36096K, 95% used [0xa4cc0000,0xa6e4ca68,0xa7000000)
  to   space 37888K, 0% used [0xa2600000,0xa2600000,0xa4b00000)
 ParOldGen       total 699136K, used 16K [0x67000000, 0x91ac0000, 0x91ac0000)
  object space 699136K, 0% used [0x67000000,0x67004000,0x91ac0000)
 Metaspace       used 9124K, capacity 9348K, committed 9368K, reserved 9520K
GC Heap History (10 events):
Event: 10,238 GC heap before
{Heap before GC invocations=2 (full 0):
 PSYoungGen      total 305920K, used 292877K [0x91ac0000, 0xa7000000, 0xa7000000)
  eden space 262400K, 100% used [0x91ac0000,0xa1b00000,0xa1b00000)
  from space 43520K, 70% used [0xa1b00000,0xa38c3640,0xa4580000)
  to   space 43520K, 0% used [0xa4580000,0xa4580000,0xa7000000)
 ParOldGen       total 699136K, used 4K [0x67000000, 0x91ac0000, 0x91ac0000)
  object space 699136K, 0% used [0x67000000,0x67001000,0x91ac0000)
 Metaspace       used 7319K, capacity 7556K, committed 7576K, reserved 8496K
Event: 10,382 GC heap after
Heap after GC invocations=2 (full 0):
 PSYoungGen      total 305920K, used 25469K [0x91ac0000, 0xa7000000, 0xa7000000)
  eden space 262400K, 0% used [0x91ac0000,0x91ac0000,0xa1b00000)
  from space 43520K, 58% used [0xa4580000,0xa5e5f6d8,0xa7000000)
  to   space 43520K, 0% used [0xa1b00000,0xa1b00000,0xa4580000)
 ParOldGen       total 699136K, used 8K [0x67000000, 0x91ac0000, 0x91ac0000)
  object space 699136K, 0% used [0x67000000,0x67002000,0x91ac0000)
 Metaspace       used 7319K, capacity 7556K, committed 7576K, reserved 8496K
}
Event: 12,023 GC heap before
{Heap before GC invocations=3 (full 0):
 PSYoungGen      total 305920K, used 287869K [0x91ac0000, 0xa7000000, 0xa7000000)
  eden space 262400K, 100% used [0x91ac0000,0xa1b00000,0xa1b00000)
  from space 43520K, 58% used [0xa4580000,0xa5e5f6d8,0xa7000000)
  to   space 43520K, 0% used [0xa1b00000,0xa1b00000,0xa4580000)
 ParOldGen       total 699136K, used 8K [0x67000000, 0x91ac0000, 0x91ac0000)
  object space 699136K, 0% used [0x67000000,0x67002000,0x91ac0000)
 Metaspace       used 7712K, capacity 7940K, committed 7960K, reserved 8496K
Event: 12,066 GC heap after
Heap after GC invocations=3 (full 0):
 PSYoungGen      total 305920K, used 25839K [0x91ac0000, 0xa7000000, 0xa7000000)
  eden space 262400K, 0% used [0x91ac0000,0x91ac0000,0xa1b00000)
  from space 43520K, 59% used [0xa1b00000,0xa343bee8,0xa4580000)
  to   space 43520K, 0% used [0xa4580000,0xa4580000,0xa7000000)
 ParOldGen       total 699136K, used 8K [0x67000000, 0x91ac0000, 0x91ac0000)
  object space 699136K, 0% used [0x67000000,0x67002000,0x91ac0000)
 Metaspace       used 7712K, capacity 7940K, committed 7960K, reserved 8496K
}
Event: 12,548 GC heap before
{Heap before GC invocations=4 (full 0):
 PSYoungGen      total 305920K, used 288239K [0x91ac0000, 0xa7000000, 0xa7000000)
  eden space 262400K, 100% used [0x91ac0000,0xa1b00000,0xa1b00000)
  from space 43520K, 59% used [0xa1b00000,0xa343bee8,0xa4580000)
  to   space 43520K, 0% used [0xa4580000,0xa4580000,0xa7000000)
 ParOldGen       total 699136K, used 8K [0x67000000, 0x91ac0000, 0x91ac0000)
  object space 699136K, 0% used [0x67000000,0x67002000,0x91ac0000)
 Metaspace       used 7717K, capacity 7940K, committed 7960K, reserved 8496K
Event: 12,591 GC heap after
Heap after GC invocations=4 (full 0):
 PSYoungGen      total 305920K, used 26562K [0x91ac0000, 0xa7000000, 0xa7000000)
  eden space 262400K, 0% used [0x91ac0000,0x91ac0000,0xa1b00000)
  from space 43520K, 61% used [0xa4580000,0xa5f70918,0xa7000000)
  to   space 43520K, 0% used [0xa1b00000,0xa1b00000,0xa4580000)
 ParOldGen       total 699136K, used 8K [0x67000000, 0x91ac0000, 0x91ac0000)
  object space 699136K, 0% used [0x67000000,0x67002000,0x91ac0000)
 Metaspace       used 7717K, capacity 7940K, committed 7960K, reserved 8496K
}
Event: 17,166 GC heap before
{Heap before GC invocations=5 (full 0):
 PSYoungGen      total 305920K, used 288962K [0x91ac0000, 0xa7000000, 0xa7000000)
  eden space 262400K, 100% used [0x91ac0000,0xa1b00000,0xa1b00000)
  from space 43520K, 61% used [0xa4580000,0xa5f70918,0xa7000000)
  to   space 43520K, 0% used [0xa1b00000,0xa1b00000,0xa4580000)
 ParOldGen       total 699136K, used 8K [0x67000000, 0x91ac0000, 0x91ac0000)
  object space 699136K, 0% used [0x67000000,0x67002000,0x91ac0000)
 Metaspace       used 8766K, capacity 9028K, committed 9112K, reserved 9520K
Event: 17,239 GC heap after
Heap after GC invocations=5 (full 0):
 PSYoungGen      total 305920K, used 36130K [0x91ac0000, 0xa7000000, 0xa7000000)
  eden space 262400K, 0% used [0x91ac0000,0x91ac0000,0xa1b00000)
  from space 43520K, 83% used [0xa1b00000,0xa3e48bc8,0xa4580000)
  to   space 36096K, 0% used [0xa4cc0000,0xa4cc0000,0xa7000000)
 ParOldGen       total 699136K, used 12K [0x67000000, 0x91ac0000, 0x91ac0000)
  object space 699136K, 0% used [0x67000000,0x67003000,0x91ac0000)
 Metaspace       used 8766K, capacity 9028K, committed 9112K, reserved 9520K
}
Event: 20,816 GC heap before
{Heap before GC invocations=6 (full 0):
 PSYoungGen      total 305920K, used 298530K [0x91ac0000, 0xa7000000, 0xa7000000)
  eden space 262400K, 100% used [0x91ac0000,0xa1b00000,0xa1b00000)
  from space 43520K, 83% used [0xa1b00000,0xa3e48bc8,0xa4580000)
  to   space 36096K, 0% used [0xa4cc0000,0xa4cc0000,0xa7000000)
 ParOldGen       total 699136K, used 12K [0x67000000, 0x91ac0000, 0x91ac0000)
  object space 699136K, 0% used [0x67000000,0x67003000,0x91ac0000)
 Metaspace       used 8948K, capacity 9188K, committed 9240K, reserved 9520K
Event: 21,608 GC heap after
Heap after GC invocations=6 (full 0):
 PSYoungGen      total 309760K, used 34354K [0x91ac0000, 0xa7000000, 0xa7000000)
  eden space 273664K, 0% used [0x91ac0000,0x91ac0000,0xa2600000)
  from space 36096K, 95% used [0xa4cc0000,0xa6e4ca68,0xa7000000)
  to   space 37888K, 0% used [0xa2600000,0xa2600000,0xa4b00000)
 ParOldGen       total 699136K, used 16K [0x67000000, 0x91ac0000, 0x91ac0000)
  object space 699136K, 0% used [0x67000000,0x67004000,0x91ac0000)
 Metaspace       used 8948K, capacity 9188K, committed 9240K, reserved 9520K
}

