# JRE version: Java(TM) SE Runtime Environment (8.0_111-b14) (build 1.8.0_111-b14)
# Java VM: Java HotSpot(TM) Server VM (25.111-b14 mixed mode linux-x86 )
Heap:
 PSYoungGen      total 308480K, used 64110K [0x91ac0000, 0xa7000000, 0xa7000000)
  eden space 272128K, 10% used [0x91ac0000,0x93735b40,0xa2480000)
  from space 36352K, 96% used [0xa4c80000,0xa6ea5ee8,0xa7000000)
  to   space 38656K, 0% used [0xa2480000,0xa2480000,0xa4a40000)
 ParOldGen       total 699136K, used 24K [0x67000000, 0x91ac0000, 0x91ac0000)
  object space 699136K, 0% used [0x67000000,0x67006000,0x91ac0000)
 Metaspace       used 9131K, capacity 9348K, committed 9368K, reserved 9520K
GC Heap History (10 events):
Event: 10,174 GC heap before
{Heap before GC invocations=2 (full 0):
 PSYoungGen      total 305920K, used 292869K [0x91ac0000, 0xa7000000, 0xa7000000)
  eden space 262400K, 100% used [0x91ac0000,0xa1b00000,0xa1b00000)
  from space 43520K, 70% used [0xa1b00000,0xa38c1780,0xa4580000)
  to   space 43520K, 0% used [0xa4580000,0xa4580000,0xa7000000)
 ParOldGen       total 699136K, used 4K [0x67000000, 0x91ac0000, 0x91ac0000)
  object space 699136K, 0% used [0x67000000,0x67001000,0x91ac0000)
 Metaspace       used 7314K, capacity 7556K, committed 7576K, reserved 8496K
Event: 10,250 GC heap after
Heap after GC invocations=2 (full 0):
 PSYoungGen      total 305920K, used 25442K [0x91ac0000, 0xa7000000, 0xa7000000)
  eden space 262400K, 0% used [0x91ac0000,0x91ac0000,0xa1b00000)
  from space 43520K, 58% used [0xa4580000,0xa5e58b78,0xa7000000)
  to   space 43520K, 0% used [0xa1b00000,0xa1b00000,0xa4580000)
 ParOldGen       total 699136K, used 8K [0x67000000, 0x91ac0000, 0x91ac0000)
  object space 699136K, 0% used [0x67000000,0x67002000,0x91ac0000)
 Metaspace       used 7314K, capacity 7556K, committed 7576K, reserved 8496K
}
Event: 11,979 GC heap before
{Heap before GC invocations=3 (full 0):
 PSYoungGen      total 305920K, used 287842K [0x91ac0000, 0xa7000000, 0xa7000000)
  eden space 262400K, 100% used [0x91ac0000,0xa1b00000,0xa1b00000)
  from space 43520K, 58% used [0xa4580000,0xa5e58b78,0xa7000000)
  to   space 43520K, 0% used [0xa1b00000,0xa1b00000,0xa4580000)
 ParOldGen       total 699136K, used 8K [0x67000000, 0x91ac0000, 0x91ac0000)
  object space 699136K, 0% used [0x67000000,0x67002000,0x91ac0000)
 Metaspace       used 7712K, capacity 7940K, committed 7960K, reserved 8496K
Event: 12,039 GC heap after
Heap after GC invocations=3 (full 0):
 PSYoungGen      total 305920K, used 25850K [0x91ac0000, 0xa7000000, 0xa7000000)
  eden space 262400K, 0% used [0x91ac0000,0x91ac0000,0xa1b00000)
  from space 43520K, 59% used [0xa1b00000,0xa343ead8,0xa4580000)
  to   space 43520K, 0% used [0xa4580000,0xa4580000,0xa7000000)
 ParOldGen       total 699136K, used 12K [0x67000000, 0x91ac0000, 0x91ac0000)
  object space 699136K, 0% used [0x67000000,0x67003000,0x91ac0000)
 Metaspace       used 7712K, capacity 7940K, committed 7960K, reserved 8496K
}
Event: 12,521 GC heap before
{Heap before GC invocations=4 (full 0):
 PSYoungGen      total 305920K, used 288250K [0x91ac0000, 0xa7000000, 0xa7000000)
  eden space 262400K, 100% used [0x91ac0000,0xa1b00000,0xa1b00000)
  from space 43520K, 59% used [0xa1b00000,0xa343ead8,0xa4580000)
  to   space 43520K, 0% used [0xa4580000,0xa4580000,0xa7000000)
 ParOldGen       total 699136K, used 12K [0x67000000, 0x91ac0000, 0x91ac0000)
  object space 699136K, 0% used [0x67000000,0x67003000,0x91ac0000)
 Metaspace       used 7719K, capacity 7972K, committed 8088K, reserved 8496K
Event: 12,585 GC heap after
Heap after GC invocations=4 (full 0):
 PSYoungGen      total 305920K, used 25592K [0x91ac0000, 0xa7000000, 0xa7000000)
  eden space 262400K, 0% used [0x91ac0000,0x91ac0000,0xa1b00000)
  from space 43520K, 58% used [0xa4580000,0xa5e7e1f8,0xa7000000)
  to   space 43520K, 0% used [0xa1b00000,0xa1b00000,0xa4580000)
 ParOldGen       total 699136K, used 12K [0x67000000, 0x91ac0000, 0x91ac0000)
  object space 699136K, 0% used [0x67000000,0x67003000,0x91ac0000)
 Metaspace       used 7719K, capacity 7972K, committed 8088K, reserved 8496K
}
Event: 17,196 GC heap before
{Heap before GC invocations=5 (full 0):
 PSYoungGen      total 305920K, used 287992K [0x91ac0000, 0xa7000000, 0xa7000000)
  eden space 262400K, 100% used [0x91ac0000,0xa1b00000,0xa1b00000)
  from space 43520K, 58% used [0xa4580000,0xa5e7e1f8,0xa7000000)
  to   space 43520K, 0% used [0xa1b00000,0xa1b00000,0xa4580000)
 ParOldGen       total 699136K, used 12K [0x67000000, 0x91ac0000, 0x91ac0000)
  object space 699136K, 0% used [0x67000000,0x67003000,0x91ac0000)
 Metaspace       used 8774K, capacity 9028K, committed 9112K, reserved 9520K
Event: 17,253 GC heap after
Heap after GC invocations=5 (full 0):
 PSYoungGen      total 305920K, used 36065K [0x91ac0000, 0xa7000000, 0xa7000000)
  eden space 262400K, 0% used [0x91ac0000,0x91ac0000,0xa1b00000)
  from space 43520K, 82% used [0xa1b00000,0xa3e384d0,0xa4580000)
  to   space 36352K, 0% used [0xa4c80000,0xa4c80000,0xa7000000)
 ParOldGen       total 699136K, used 20K [0x67000000, 0x91ac0000, 0x91ac0000)
  object space 699136K, 0% used [0x67000000,0x67005000,0x91ac0000)
 Metaspace       used 8774K, capacity 9028K, committed 9112K, reserved 9520K
}
Event: 26,656 GC heap before
{Heap before GC invocations=6 (full 0):
 PSYoungGen      total 305920K, used 298465K [0x91ac0000, 0xa7000000, 0xa7000000)
  eden space 262400K, 100% used [0x91ac0000,0xa1b00000,0xa1b00000)
  from space 43520K, 82% used [0xa1b00000,0xa3e384d0,0xa4580000)
  to   space 36352K, 0% used [0xa4c80000,0xa4c80000,0xa7000000)
 ParOldGen       total 699136K, used 20K [0x67000000, 0x91ac0000, 0x91ac0000)
  object space 699136K, 0% used [0x67000000,0x67005000,0x91ac0000)
 Metaspace       used 9065K, capacity 9316K, committed 9368K, reserved 9520K
Event: 26,711 GC heap after
Heap after GC invocations=6 (full 0):
 PSYoungGen      total 308480K, used 34967K [0x91ac0000, 0xa7000000, 0xa7000000)
  eden space 272128K, 0% used [0x91ac0000,0x91ac0000,0xa2480000)
  from space 36352K, 96% used [0xa4c80000,0xa6ea5ee8,0xa7000000)
  to   space 38656K, 0% used [0xa2480000,0xa2480000,0xa4a40000)
 ParOldGen       total 699136K, used 24K [0x67000000, 0x91ac0000, 0x91ac0000)
  object space 699136K, 0% used [0x67000000,0x67006000,0x91ac0000)
 Metaspace       used 9065K, capacity 9316K, committed 9368K, reserved 9520K
}

