# JRE version: Java(TM) SE Runtime Environment (8.0_111-b14) (build 1.8.0_111-b14)
# Java VM: Java HotSpot(TM) Server VM (25.111-b14 mixed mode linux-x86 )
Heap:
 PSYoungGen      total 303872K, used 46048K [0x91ac0000, 0xa7000000, 0xa7000000)
  eden space 255488K, 15% used [0x91ac0000,0x942943a8,0xa1440000)
  from space 48384K, 10% used [0xa40c0000,0xa45e3ec0,0xa7000000)
  to   space 45568K, 0% used [0xa1440000,0xa1440000,0xa40c0000)
 ParOldGen       total 699136K, used 406503K [0x67000000, 0x91ac0000, 0x91ac0000)
  object space 699136K, 58% used [0x67000000,0x7fcf9e60,0x91ac0000)
 Metaspace       used 21951K, capacity 22303K, committed 22400K, reserved 22832K
GC Heap History (10 events):
Event: 58,424 GC heap before
{Heap before GC invocations=43 (full 1):
 PSYoungGen      total 286464K, used 248352K [0x91ac0000, 0xa7000000, 0xa7000000)
  eden space 226560K, 100% used [0x91ac0000,0x9f800000,0x9f800000)
  from space 59904K, 36% used [0x9f800000,0xa0d481c0,0xa3280000)
  to   space 58112K, 0% used [0xa3740000,0xa3740000,0xa7000000)
 ParOldGen       total 699136K, used 377549K [0x67000000, 0x91ac0000, 0x91ac0000)
  object space 699136K, 54% used [0x67000000,0x7e0b37a8,0x91ac0000)
 Metaspace       used 21923K, capacity 22271K, committed 22400K, reserved 22832K
Event: 58,588 GC heap after
Heap after GC invocations=43 (full 1):
 PSYoungGen      total 293888K, used 4416K [0x91ac0000, 0xa7000000, 0xa7000000)
  eden space 235776K, 0% used [0x91ac0000,0x91ac0000,0xa0100000)
  from space 58112K, 7% used [0xa3740000,0xa3b90070,0xa7000000)
  to   space 55552K, 0% used [0xa0100000,0xa0100000,0xa3740000)
 ParOldGen       total 699136K, used 394625K [0x67000000, 0x91ac0000, 0x91ac0000)
  object space 699136K, 56% used [0x67000000,0x7f1604e8,0x91ac0000)
 Metaspace       used 21923K, capacity 22271K, committed 22400K, reserved 22832K
}
Event: 60,010 GC heap before
{Heap before GC invocations=44 (full 1):
 PSYoungGen      total 293888K, used 240192K [0x91ac0000, 0xa7000000, 0xa7000000)
  eden space 235776K, 100% used [0x91ac0000,0xa0100000,0xa0100000)
  from space 58112K, 7% used [0xa3740000,0xa3b90070,0xa7000000)
  to   space 55552K, 0% used [0xa0100000,0xa0100000,0xa3740000)
 ParOldGen       total 699136K, used 394625K [0x67000000, 0x91ac0000, 0x91ac0000)
  object space 699136K, 56% used [0x67000000,0x7f1604e8,0x91ac0000)
 Metaspace       used 21930K, capacity 22303K, committed 22400K, reserved 22832K
Event: 60,083 GC heap after
Heap after GC invocations=44 (full 1):
 PSYoungGen      total 291328K, used 544K [0x91ac0000, 0xa7000000, 0xa7000000)
  eden space 235776K, 0% used [0x91ac0000,0x91ac0000,0xa0100000)
  from space 55552K, 0% used [0xa0100000,0xa0188000,0xa3740000)
  to   space 53760K, 0% used [0xa3b80000,0xa3b80000,0xa7000000)
 ParOldGen       total 699136K, used 397903K [0x67000000, 0x91ac0000, 0x91ac0000)
  object space 699136K, 56% used [0x67000000,0x7f493e28,0x91ac0000)
 Metaspace       used 21930K, capacity 22303K, committed 22400K, reserved 22832K
}
Event: 60,241 GC heap before
{Heap before GC invocations=45 (full 1):
 PSYoungGen      total 291328K, used 236320K [0x91ac0000, 0xa7000000, 0xa7000000)
  eden space 235776K, 100% used [0x91ac0000,0xa0100000,0xa0100000)
  from space 55552K, 0% used [0xa0100000,0xa0188000,0xa3740000)
  to   space 53760K, 0% used [0xa3b80000,0xa3b80000,0xa7000000)
 ParOldGen       total 699136K, used 397903K [0x67000000, 0x91ac0000, 0x91ac0000)
  object space 699136K, 56% used [0x67000000,0x7f493e28,0x91ac0000)
 Metaspace       used 21931K, capacity 22303K, committed 22400K, reserved 22832K
Event: 60,244 GC heap after
Heap after GC invocations=45 (full 1):
 PSYoungGen      total 297728K, used 48K [0x91ac0000, 0xa7000000, 0xa7000000)
  eden space 243968K, 0% used [0x91ac0000,0x91ac0000,0xa0900000)
  from space 53760K, 0% used [0xa3b80000,0xa3b8c000,0xa7000000)
  to   space 51712K, 0% used [0xa0900000,0xa0900000,0xa3b80000)
 ParOldGen       total 699136K, used 398423K [0x67000000, 0x91ac0000, 0x91ac0000)
  object space 699136K, 56% used [0x67000000,0x7f515e88,0x91ac0000)
 Metaspace       used 21931K, capacity 22303K, committed 22400K, reserved 22832K
}
Event: 62,043 GC heap before
{Heap before GC invocations=46 (full 1):
 PSYoungGen      total 297728K, used 244016K [0x91ac0000, 0xa7000000, 0xa7000000)
  eden space 243968K, 100% used [0x91ac0000,0xa0900000,0xa0900000)
  from space 53760K, 0% used [0xa3b80000,0xa3b8c000,0xa7000000)
  to   space 51712K, 0% used [0xa0900000,0xa0900000,0xa3b80000)
 ParOldGen       total 699136K, used 398423K [0x67000000, 0x91ac0000, 0x91ac0000)
  object space 699136K, 56% used [0x67000000,0x7f515e88,0x91ac0000)
 Metaspace       used 21942K, capacity 22303K, committed 22400K, reserved 22832K
Event: 63,690 GC heap after
Heap after GC invocations=46 (full 1):
 PSYoungGen      total 295680K, used 8334K [0x91ac0000, 0xa7000000, 0xa7000000)
  eden space 243968K, 0% used [0x91ac0000,0x91ac0000,0xa0900000)
  from space 51712K, 16% used [0xa0900000,0xa1123a50,0xa3b80000)
  to   space 48384K, 0% used [0xa40c0000,0xa40c0000,0xa7000000)
 ParOldGen       total 699136K, used 398435K [0x67000000, 0x91ac0000, 0x91ac0000)
  object space 699136K, 56% used [0x67000000,0x7f518e88,0x91ac0000)
 Metaspace       used 21942K, capacity 22303K, committed 22400K, reserved 22832K
}
Event: 65,173 GC heap before
{Heap before GC invocations=47 (full 1):
 PSYoungGen      total 295680K, used 252302K [0x91ac0000, 0xa7000000, 0xa7000000)
  eden space 243968K, 100% used [0x91ac0000,0xa0900000,0xa0900000)
  from space 51712K, 16% used [0xa0900000,0xa1123a50,0xa3b80000)
  to   space 48384K, 0% used [0xa40c0000,0xa40c0000,0xa7000000)
 ParOldGen       total 699136K, used 398435K [0x67000000, 0x91ac0000, 0x91ac0000)
  object space 699136K, 56% used [0x67000000,0x7f518e88,0x91ac0000)
 Metaspace       used 21951K, capacity 22303K, committed 22400K, reserved 22832K
Event: 67,337 GC heap after
Heap after GC invocations=47 (full 1):
 PSYoungGen      total 303872K, used 5263K [0x91ac0000, 0xa7000000, 0xa7000000)
  eden space 255488K, 0% used [0x91ac0000,0x91ac0000,0xa1440000)
  from space 48384K, 10% used [0xa40c0000,0xa45e3ec0,0xa7000000)
  to   space 45568K, 0% used [0xa1440000,0xa1440000,0xa40c0000)
 ParOldGen       total 699136K, used 406503K [0x67000000, 0x91ac0000, 0x91ac0000)
  object space 699136K, 58% used [0x67000000,0x7fcf9e60,0x91ac0000)
 Metaspace       used 21951K, capacity 22303K, committed 22400K, reserved 22832K
}

